Case #1: 3
Case #2: 1
Case #3: IMPOSSIBLE
Case #4: 1 2
Case #5: 4 3
Case #6: IMPOSSIBLE
Case #7: 9876543211
Case #8: IMPOSSIBLE
Case #9: 458110544631407 982470921871047 1506831299110687 2031191676350327 2555552053589967 3079912430829607 3604272808069247 4128633185308887 4652993562548527 5177353939788167 5701714317027807 689790018103
Case #10: IMPOSSIBLE
Case #11: 229
Case #12: 1 2 3 4 5 6 7 8 9 10 11 12 13 14 15 16 17 18 19 20 21 22 23 24 25 26 27 28 29 30 31 32 33 34 35 36 37 38 39 40 41 42 43 44 45 46 47 48 49 50 51 52 53 54 55 56 57 58 59 60 61 62 63 64 65 66 67 68 69 70 71 72 73 74 75 76 77 78 79 80 81 82 83 84 85 86 87 88 89 90 91 92 93 94 95 96 97 98 99 100
Case #13: 9876543211
Case #14: 4 3
Case #15: 1
Case #16: 1 2 3 4 5 6 7 8 9
Case #17: 1
Case #18: IMPOSSIBLE
Case #19: IMPOSSIBLE
Case #20: 22
Case #21: 1647375651979 3536673602499 5425971553019 7315269503539 9204567454059 1763
Case #22: IMPOSSIBLE
Case #23: IMPOSSIBLE
Case #24: IMPOSSIBLE
Case #25: 1
Case #26: IMPOSSIBLE
Case #27: 22
Case #28: IMPOSSIBLE
Case #29: 5 15
Case #30: IMPOSSIBLE
Case #31: IMPOSSIBLE
Case #32: 21227116 46956952 72686788 9238
Case #33: 34490503 77807958 121125413 164442868 207760323 251077778 294395233 337712688 381030143 424347598 8500029
Case #34: 148390053388881 318285911616729 488181769844577 658077628072425 827973486300273 997869344528121 1167765202755969 1337661060983817 1507556919211665 1677452777439513
Case #35: 5230471816655717 11125279051884878 17020086287114039 22914893522343200 28809700757572361 34704507992801522 40599315228030683 645621744810813
Case #36: 229
Case #37: 3
Case #38: 3
Case #39: IMPOSSIBLE
Case #40: 1
Case #41: 1
Case #42: IMPOSSIBLE
Case #43: 404683927 892943881 1381203835 1869463789 2357723743 2845983697 1443
Case #44: IMPOSSIBLE
Case #45: 785923167 7484983
Case #46: 1 2 3
Case #47: 229
Case #48: 381367045
Case #49: 1
Case #50: IMPOSSIBLE
Case #51: 65841851668 142936674347 220031497026 297126319705 374221142384 451315965063 229236621
Case #52: 92062836196495261 194547880264291871 297032924332088481 399517968399885091 502003012467681701 604488056535478311
Case #53: 821 2084 3347 4610 5873 7136 399
Case #54: IMPOSSIBLE
Case #55: 1
Case #56: 80706050403020101 171615141312111010 262524232221201919 353433323130292828 444342414039383737 535251504948474646 626160595857565555 717069686766656464 807978777675747373 898887868584838282 989796959493929191 100
Case #57: 22
Case #58: IMPOSSIBLE
Case #59: IMPOSSIBLE
Case #60: 22
Case #61: 48028639 104789756
Case #62: 101 303 505 707 909 1111 1313 1515 1717 1919 2121 2323 2525 2727 2929 3131 3333 3535 3737 3939 4141 4343 4545 4747 4949 5151 5353 5555 5757 5959 6161 6363 6565 6767 6969 7171 7373 7575 7777 7979 8181 8383 8585 8787 8989 9191 9393 9595 9797 9999
Case #63: 49092603 110724008 172355413 233986818 295618223 357249628 418881033 480512438 542143843 603775248 665406653 12113759
Case #64: 37 4
Case #65: 1 2 3 4
Case #66: 16434825
Case #67: 242263 567863 893463 1219063 1544663 1870263 2195863 2521463 2847063 3172663 79462
Case #68: IMPOSSIBLE
Case #69: 3
Case #70: 1
Case #71: 561116451057571 1186685467439321 1812254483821071 1335109
Case #72: 669321590125 12
Case #73: 43211 98766
Case #74: IMPOSSIBLE
Case #75: 394163993860029 845345420794149 1296526847728269 1747708274662389 2198889701596509 2650071128530629 3101252555464749 3552433982398869 4003615409332989 4454796836267109 4905978263201229 71630645
Case #76: 20101 50404 80707 111010 141313 171616 201919 232222 262525 292828 323131 353434 383737 414040 444343 474646 504949 535252 565555 595858 626161 656464 686767 717070 747373 777676 807979 838282 868585 898888 929191 959494 989797 100
Case #77: 6050403020101 13121110090808 20191817161515 27262524232222 34333231302929 41403938373636 48474645444343 55545352515050 62616059585757 69686766656464 76757473727171 83828180797878 90898887868585 97969594939292 9999
Case #78: 48151 113255 178359 243463 308567 373671 25
Case #79: 2931
Case #80: 25380051 57267806 89155561 121043316 152931071 184818826 216706581 248594336 280482091 312369846
Case #81: 1 2 3 4 5 6 7 8 9 10 11 12 13 14 15 16 17 18 19 20 21 22 23 24 25 26 27 28 29 30 31 32 33 34 35 36 37 38 39 40 41 42 43 44 45 46 47 48 49 50 51 52 53 54 55 56 57 58 59 60 61 62 63 64 65 66 67 68 69 70 71
Case #82: 800668
Case #83: IMPOSSIBLE
Case #84: 32935 77555 122175 166795 211415 483
Case #85: 3024644829 6512523549 17
Case #86: IMPOSSIBLE
Case #87: IMPOSSIBLE
Case #88: 9434803 21306408 33178013 45049618 56921223 68792828 80664433 2311839
Case #89: 3020101 7060505 11100909 15141313 19181717 23222121 27262525 31302929 35343333 39383737 43424141 47464545 51504949 55545353 59585757 63626161 67666565 71706969 75747373 79787777 83828181 87868585 91908989 95949393 99989797
Case #90: IMPOSSIBLE
Case #91: 3
Case #92: IMPOSSIBLE
Case #93: 1
Case #94: 1171978435241 2516306640369 3860634845497 5204963050625 6549291255753
Case #95: 107330317072 232967811971 358605306870 484242801769 609880296668 735517791567 861155286466 2600
Case #96: IMPOSSIBLE
Case #97: 220726311 497448086 774169861 1050891636 1327613411 1604335186 1881056961 2157778736 2434500511 2711222286 2987944061 3264665836 3541387611 3818109386 4094831161 4371552936 4648274711 86
Case #98: IMPOSSIBLE
Case #99: IMPOSSIBLE
Case #100: 658142561102797 1411403536145997 2164664511189197 2917925486232397 3671186461275597 4424447436318797 5177708411361997 5930969386405197 6684230361448397 7437491336491597 8190752311534797 8944013286577997 970198
