Case #1: 3
Case #2: 1
Case #3: 1 2
Case #4: 3 4
Case #5: 326891750470 1981529005936 4298021163587 6614513321238 8931005478889 11247497636540 13563989794191 15880481951842 18196974109493 20513466267144 22829958424795 25146450582446
Case #6: 2128899727669 4617613493816 7106327259963 9595041026110 12083754792257 14572468558404 17061182324551 19549896090698 22038609856845 24527323622992 27016037389139 29504751155286
Case #7: 1 2 3 4 5 6 7 8 9 10 11 12 13 14 15 16 17 18 19 20 21 22 23 24 25 26 27 28 29 30 31 32 33 34 35 36 37 38 39 40 41 42 43 44 45 46 47 48 49 50 51 52 53 54 55 56 57 58 59 60 61 62 63 64 65 66 67 68 69 70 71 72 73 74 75 76 77 78 79 80 81 82 83 84 85 86 87 88 89 90 91 92 93 94 95 96 97 98 99 100
Case #8: 3
Case #9: 1 2 3 4 5 6 7 8 9
Case #10: 19654 60535 142295 224055 305815 387575 469335
Case #11: 20484987 105459748 232921888 360384028 487846168
Case #12: 800668
Case #13: 6838 21319 50279 79239 108199
Case #14: 79 80 240 400 560 720 880 1040 1200 1360 1520 1680 1840 2000 2160 2320 2480 2640 2800 2960 3120 3280 3440 3600 3760 3920 4080 4240 4400 4560 4720 4880 5040 5200 5360 5520 5680 5840 6000 6160
Case #15: 3
Case #16: 100 20101 50404 80707 111010 141313 171616 201919 232222 262525 292828 323131 353434 383737 414040 444343 474646 504949 535252 565555 595858 626161 656464 686767 717070 747373 777676 807979 838282 868585 898888 929191 959494 989797
Case #17: 97078871 218868726 340658581 462448436 584238291 706028146 827818001 949607856 1071397711 1193187566 1314977421 1436767276 1558557131 1680346986
Case #18: 22
Case #19: 1 2 3 4
Case #20: 1023 4294689 9706694 15118699 20530704 25942709 31354714
Case #21: 12817 30293 47769 65245
Case #22: 1
Case #23: 229
Case #24: 22
Case #25: 22
Case #26: 5475 11027 27680 44333 60986 77639 94292 110945 127598 144251 160904 177557 194210 210863 227516 244169 260822 277475 294128 310781 327434 344087 360740 377393 394046
Case #27: 92659184083 197672926042
Case #28: 1023 172066849 379887847 587708845 795529843 1003350841
Case #29: 46 18206111 41090886 63975661 86860436 109745211 132629986 155514761 178399536 201284311
Case #30: 1
Case #31: 1
Case #32: 100 80706050403020101 171615141312111010 262524232221201919 353433323130292828 444342414039383737 535251504948474646 626160595857565555 717069686766656464 807978777675747373 898887868584838282 989796959493929191
Case #33: 575 658723973129881 1386484519862892
Case #34: 25 48151 113255 178359 243463 308567 373671
Case #35: 43211 98766
Case #36: 78065869 49223625627917935 104674735521009874 160125845414101813 215576955307193752 271028065200285691 326479175093377630 381930284986469569 437381394879561508 492832504772653447 548283614665745386
Case #37: 1
Case #38: 5475 1226699 2869799 4512899 6155999 7799099 9442199 11085299 12728399 14371499 16014599 17657699 19300799 20943899 22586999 24230099 25873199 27516299 29159399
Case #39: 22
Case #40: 1
Case #41: 4703619066 24183434789566727 51429867210801698 78676299632036669 105922732053271640 133169164474506611 160415596895741582 187662029316976553 214908461738211524 242154894159446495
Case #42: 323 18163 42863 67563 92263
Case #43: 645621744810813 5230471816655717 11125279051884878 17020086287114039 22914893522343200 28809700757572361 34704507992801522 40599315228030683
Case #44: 1
Case #45: 117624289015 58362404578871 125200677042639 192038949506407 258877221970175 325715494433943 392553766897711 459392039361479 526230311825247
Case #46: 728 2186299 4945704 7705109 10464514 13223919
Case #47: 16702651 654820258321
Case #48: 3020101 7060505 11100909 15141313 19181717 23222121 27262525 31302929 35343333 39383737 43424141 47464545 51504949 55545353 59585757 63626161 67666565 71706969 75747373 79787777 83828181 87868585 91908989 95949393 99989797
Case #49: 1204531645870 160964454713500615
Case #50: 1
Case #51: 368715 470178125
Case #52: 3363 592123 1386263 2180403 2974543 3768683 4562823 5356963 6151103 6945243 7739383 8533523 9327663 10121803 10915943
Case #53: 1 2 3
Case #54: 86 220726311 497448086 774169861 1050891636 1327613411 1604335186 1881056961 2157778736 2434500511 2711222286 2987944061 3264665836 3541387611 3818109386 4094831161 4371552936 4648274711
Case #55: 9876543211
Case #56: 1 2 3 4 5 6 7 8 9 10 11 12 13 14 15 16 17 18 19 20 21 22 23 24 25 26 27 28 29 30 31 32 33 34 35 36 37 38 39 40 41 42 43 44 45 46 47 48 49 50 51 52 53 54 55 56 57 58 59 60 61 62 63 64 65 66 67 68 69 70 71 72 73 74 75 76 77 78 79 80 81 82 83 84 85 86 87 88 89 90 91 92 93 94
Case #57: 71059958660809 152435072611089 233810186561369 315185300511649 396560414461929 477935528412209 559310642362489 640685756312769 722060870263049
Case #58: 1
Case #59: 800668
Case #60: 12956277 19879396495261 42653850732549 65428304969837 88202759207125 110977213444413 133751667681701 156526121918989
Case #61: 3
Case #62: 3
Case #63: 1
Case #64: 1610651 3645156 5679661 7714166 9748671
Case #65: 229
Case #66: 54832 8508087 19215542 29922997 40630452 51337907 62045362 72752817
Case #67: 17227873916 4341763041622356 9134820449578217
Case #68: 73 10732 26941 43150 59359 75568 91777 107986 124195 140404 156613 172822 189031 205240 221449 237658 253867 270076 286285 302494 318703 334912 351121 367330 383539
Case #69: 4623 7356145957 16209950371 25063754785 33917559199 42771363613 51625168027 60478972441 69332776855 78186581269 87040385683 95894190097
Case #70: 1 2 3 4 5 6 7 8 9 10 11 12 13 14 15 16 17 18 19 20 21 22 23 24 25 26 27 28 29
Case #71: 46900678 27905529149337247
Case #72: 19702 49405 79108 108811 138514 168217 197920 227623 257326 287029 316732 346435 376138 405841 435544 465247 494950 524653 554356 584059 613762 643465 673168 702871 732574 762277 791980 821683 851386 881089 910792 940495 970198
Case #73: 950841142711626 10912034066357227
Case #74: 3
Case #75: 3
Case #76: 101 303 505 707 909 1111 1313 1515 1717 1919 2121 2323 2525 2727 2929 3131 3333 3535 3737 3939 4141 4343 4545 4747 4949 5151 5353 5555 5757 5959 6161 6363 6565 6767 6969 7171 7373 7575 7777 7979 8181 8383 8585 8787 8989 9191 9393 9595 9797 9999
Case #77: 22 707017543 1538470172 2369922801
Case #78: 148390053388881 318285911616729 488181769844577 658077628072425 827973486300273 997869344528121 1167765202755969 1337661060983817 1507556919211665 1677452777439513
Case #79: 249982 5025952702 11076614206 17127275710 23177937214 29228598718 35279260222 41329921726 47380583230 53431244734 59481906238
Case #80: 1 2 3 4 5 6 7 8 9 10 11 12 13 14 15 16 17 18 19 20 21 22 23 24 25 26 27 28 29 30 31 32 33 34
Case #81: 143 88429 201534
Case #82: 159441 868066
Case #83: 79462 242263 567863 893463 1219063 1544663 1870263 2195863 2521463 2847063 3172663
Case #84: 195 407 1040 1673 2306
Case #85: 4 37
Case #86: 1
Case #87: 48028639 104789756
Case #88: 1
Case #89: 1 2 3 4 5 6 7 8 9 10 11 12 13 14 15 16 17 18 19 20 21 22
Case #90: 3
Case #91: 17 15335 36215 57095 77975
Case #92: 1
Case #93: 22
Case #94: 5 15
Case #95: 14040625883937 114665111385485 244039449887474 373413788389463 502788126891452
Case #96: 1985229329 4275878553
Case #97: 899 4498822831 9777788348 15056753865 20335719382
Case #98: 421798 11993073826 26423764282 40854454738 55285145194 69715835650 84146526106 98577216562 113007907018 127438597474 141869287930 156299978386 170730668842
Case #99: 16434825
Case #100: 1
